1666433996659|12|statement|connection 3|url jdbc:mysql://localhost:3306/refashion?serverTimezone=UTC&characterEncoding=UTF-8|select category0_.category_id as category1_0_, category0_.code as code2_0_, category0_.depth as depth3_0_, category0_.name as name4_0_, category0_.parent_category_id as parent_c5_0_ from category category0_|select category0_.category_id as category1_0_, category0_.code as code2_0_, category0_.depth as depth3_0_, category0_.name as name4_0_, category0_.parent_category_id as parent_c5_0_ from category category0_
1666970762356|0|statement|connection 1032|url jdbc:mysql://localhost:3306/refashion?serverTimezone=UTC&characterEncoding=UTF-8|     alter table category         drop         foreign key FKs2ride9gvilxy2tcuv7witnxc|     alter table category         drop         foreign key FKs2ride9gvilxy2tcuv7witnxc
1666970762357|0|statement|connection 1032|url jdbc:mysql://localhost:3306/refashion?serverTimezone=UTC&characterEncoding=UTF-8|     alter table measure         drop         foreign key FKbxy2re4cl0f5yp2temgkck3rc|     alter table measure         drop         foreign key FKbxy2re4cl0f5yp2temgkck3rc
1666970762357|0|statement|connection 1032|url jdbc:mysql://localhost:3306/refashion?serverTimezone=UTC&characterEncoding=UTF-8|     alter table parent_category         drop         foreign key FK4t524ndld8v16nb1e3t067iyx|     alter table parent_category         drop         foreign key FK4t524ndld8v16nb1e3t067iyx
1666970762358|0|statement|connection 1032|url jdbc:mysql://localhost:3306/refashion?serverTimezone=UTC&characterEncoding=UTF-8|     alter table preference         drop         foreign key FK2q42uo0wk0n25pf9393dlgcxa|     alter table preference         drop         foreign key FK2q42uo0wk0n25pf9393dlgcxa
1666970762358|0|statement|connection 1032|url jdbc:mysql://localhost:3306/refashion?serverTimezone=UTC&characterEncoding=UTF-8|     alter table product_advance_info         drop         foreign key FKt28kkcroxfds3r1a84plmbnwf|     alter table product_advance_info         drop         foreign key FKt28kkcroxfds3r1a84plmbnwf
1666970762359|0|statement|connection 1032|url jdbc:mysql://localhost:3306/refashion?serverTimezone=UTC&characterEncoding=UTF-8|     alter table product_image         drop         foreign key FK6oo0cvcdtb6qmwsga468uuukk|     alter table product_image         drop         foreign key FK6oo0cvcdtb6qmwsga468uuukk
1666970762359|0|statement|connection 1032|url jdbc:mysql://localhost:3306/refashion?serverTimezone=UTC&characterEncoding=UTF-8|     alter table sub_category         drop         foreign key FK2cumh0alb2c2dyy2jblgeg5or|     alter table sub_category         drop         foreign key FK2cumh0alb2c2dyy2jblgeg5or
1666970762359|0|statement|connection 1032|url jdbc:mysql://localhost:3306/refashion?serverTimezone=UTC&characterEncoding=UTF-8|     alter table user_authority         drop         foreign key FKhi46vu7680y1hwvmnnuh4cybx|     alter table user_authority         drop         foreign key FKhi46vu7680y1hwvmnnuh4cybx
1666970762360|0|statement|connection 1032|url jdbc:mysql://localhost:3306/refashion?serverTimezone=UTC&characterEncoding=UTF-8|     alter table user_product         drop         foreign key FKnw43wab2rt35jmofmpbhkibco|     alter table user_product         drop         foreign key FKnw43wab2rt35jmofmpbhkibco
1666970762360|0|statement|connection 1032|url jdbc:mysql://localhost:3306/refashion?serverTimezone=UTC&characterEncoding=UTF-8|     alter table user_product         drop         foreign key FKctnnp6lvp5tkjb6fm0k0gmhns|     alter table user_product         drop         foreign key FKctnnp6lvp5tkjb6fm0k0gmhns
1666970762360|0|statement|connection 1032|url jdbc:mysql://localhost:3306/refashion?serverTimezone=UTC&characterEncoding=UTF-8|     drop table if exists category|     drop table if exists category
1666970762361|0|statement|connection 1032|url jdbc:mysql://localhost:3306/refashion?serverTimezone=UTC&characterEncoding=UTF-8|     drop table if exists gender_category|     drop table if exists gender_category
1666970762361|0|statement|connection 1032|url jdbc:mysql://localhost:3306/refashion?serverTimezone=UTC&characterEncoding=UTF-8|     drop table if exists hibernate_sequence|     drop table if exists hibernate_sequence
1666970762361|0|statement|connection 1032|url jdbc:mysql://localhost:3306/refashion?serverTimezone=UTC&characterEncoding=UTF-8|     drop table if exists measure|     drop table if exists measure
1666970762361|0|statement|connection 1032|url jdbc:mysql://localhost:3306/refashion?serverTimezone=UTC&characterEncoding=UTF-8|     drop table if exists parent_category|     drop table if exists parent_category
1666970762362|0|statement|connection 1032|url jdbc:mysql://localhost:3306/refashion?serverTimezone=UTC&characterEncoding=UTF-8|     drop table if exists preference|     drop table if exists preference
1666970762362|0|statement|connection 1032|url jdbc:mysql://localhost:3306/refashion?serverTimezone=UTC&characterEncoding=UTF-8|     drop table if exists product|     drop table if exists product
1666970762362|0|statement|connection 1032|url jdbc:mysql://localhost:3306/refashion?serverTimezone=UTC&characterEncoding=UTF-8|     drop table if exists product_advance_info|     drop table if exists product_advance_info
1666970762363|0|statement|connection 1032|url jdbc:mysql://localhost:3306/refashion?serverTimezone=UTC&characterEncoding=UTF-8|     drop table if exists product_image|     drop table if exists product_image
1666970762363|0|statement|connection 1032|url jdbc:mysql://localhost:3306/refashion?serverTimezone=UTC&characterEncoding=UTF-8|     drop table if exists refresh_token|     drop table if exists refresh_token
1666970762363|0|statement|connection 1032|url jdbc:mysql://localhost:3306/refashion?serverTimezone=UTC&characterEncoding=UTF-8|     drop table if exists statics|     drop table if exists statics
1666970762364|0|statement|connection 1032|url jdbc:mysql://localhost:3306/refashion?serverTimezone=UTC&characterEncoding=UTF-8|     drop table if exists style_image|     drop table if exists style_image
1666970762364|0|statement|connection 1032|url jdbc:mysql://localhost:3306/refashion?serverTimezone=UTC&characterEncoding=UTF-8|     drop table if exists sub_category|     drop table if exists sub_category
1666970762364|0|statement|connection 1032|url jdbc:mysql://localhost:3306/refashion?serverTimezone=UTC&characterEncoding=UTF-8|     drop table if exists user_authority|     drop table if exists user_authority
1666970762365|0|statement|connection 1032|url jdbc:mysql://localhost:3306/refashion?serverTimezone=UTC&characterEncoding=UTF-8|     drop table if exists user_product|     drop table if exists user_product
1666970762365|0|statement|connection 1032|url jdbc:mysql://localhost:3306/refashion?serverTimezone=UTC&characterEncoding=UTF-8|     drop table if exists users|     drop table if exists users
1666970762372|0|statement|connection 1033|url jdbc:mysql://localhost:3306/refashion?serverTimezone=UTC&characterEncoding=UTF-8|     alter table category         drop         foreign key FKs2ride9gvilxy2tcuv7witnxc|     alter table category         drop         foreign key FKs2ride9gvilxy2tcuv7witnxc
1666970762373|0|statement|connection 1033|url jdbc:mysql://localhost:3306/refashion?serverTimezone=UTC&characterEncoding=UTF-8|     alter table measure         drop         foreign key FKbxy2re4cl0f5yp2temgkck3rc|     alter table measure         drop         foreign key FKbxy2re4cl0f5yp2temgkck3rc
1666970762373|0|statement|connection 1033|url jdbc:mysql://localhost:3306/refashion?serverTimezone=UTC&characterEncoding=UTF-8|     alter table parent_category         drop         foreign key FK4t524ndld8v16nb1e3t067iyx|     alter table parent_category         drop         foreign key FK4t524ndld8v16nb1e3t067iyx
1666970762374|0|statement|connection 1033|url jdbc:mysql://localhost:3306/refashion?serverTimezone=UTC&characterEncoding=UTF-8|     alter table preference         drop         foreign key FK2q42uo0wk0n25pf9393dlgcxa|     alter table preference         drop         foreign key FK2q42uo0wk0n25pf9393dlgcxa
1666970762374|0|statement|connection 1033|url jdbc:mysql://localhost:3306/refashion?serverTimezone=UTC&characterEncoding=UTF-8|     alter table product_advance_info         drop         foreign key FKt28kkcroxfds3r1a84plmbnwf|     alter table product_advance_info         drop         foreign key FKt28kkcroxfds3r1a84plmbnwf
1666970762374|0|statement|connection 1033|url jdbc:mysql://localhost:3306/refashion?serverTimezone=UTC&characterEncoding=UTF-8|     alter table product_image         drop         foreign key FK6oo0cvcdtb6qmwsga468uuukk|     alter table product_image         drop         foreign key FK6oo0cvcdtb6qmwsga468uuukk
1666970762374|0|statement|connection 1033|url jdbc:mysql://localhost:3306/refashion?serverTimezone=UTC&characterEncoding=UTF-8|     alter table sub_category         drop         foreign key FK2cumh0alb2c2dyy2jblgeg5or|     alter table sub_category         drop         foreign key FK2cumh0alb2c2dyy2jblgeg5or
1666970762374|0|statement|connection 1033|url jdbc:mysql://localhost:3306/refashion?serverTimezone=UTC&characterEncoding=UTF-8|     alter table user_authority         drop         foreign key FKhi46vu7680y1hwvmnnuh4cybx|     alter table user_authority         drop         foreign key FKhi46vu7680y1hwvmnnuh4cybx
1666970762375|0|statement|connection 1033|url jdbc:mysql://localhost:3306/refashion?serverTimezone=UTC&characterEncoding=UTF-8|     alter table user_product         drop         foreign key FKnw43wab2rt35jmofmpbhkibco|     alter table user_product         drop         foreign key FKnw43wab2rt35jmofmpbhkibco
1666970762375|0|statement|connection 1033|url jdbc:mysql://localhost:3306/refashion?serverTimezone=UTC&characterEncoding=UTF-8|     alter table user_product         drop         foreign key FKctnnp6lvp5tkjb6fm0k0gmhns|     alter table user_product         drop         foreign key FKctnnp6lvp5tkjb6fm0k0gmhns
1666970762375|0|statement|connection 1033|url jdbc:mysql://localhost:3306/refashion?serverTimezone=UTC&characterEncoding=UTF-8|     drop table if exists category|     drop table if exists category
1666970762376|0|statement|connection 1033|url jdbc:mysql://localhost:3306/refashion?serverTimezone=UTC&characterEncoding=UTF-8|     drop table if exists gender_category|     drop table if exists gender_category
1666970762380|0|statement|connection 1033|url jdbc:mysql://localhost:3306/refashion?serverTimezone=UTC&characterEncoding=UTF-8|     drop table if exists hibernate_sequence|     drop table if exists hibernate_sequence
1666970762381|0|statement|connection 1033|url jdbc:mysql://localhost:3306/refashion?serverTimezone=UTC&characterEncoding=UTF-8|     drop table if exists measure|     drop table if exists measure
1666970762381|0|statement|connection 1033|url jdbc:mysql://localhost:3306/refashion?serverTimezone=UTC&characterEncoding=UTF-8|     drop table if exists parent_category|     drop table if exists parent_category
1666970762382|0|statement|connection 1033|url jdbc:mysql://localhost:3306/refashion?serverTimezone=UTC&characterEncoding=UTF-8|     drop table if exists preference|     drop table if exists preference
1666970762382|0|statement|connection 1033|url jdbc:mysql://localhost:3306/refashion?serverTimezone=UTC&characterEncoding=UTF-8|     drop table if exists product|     drop table if exists product
1666970762382|0|statement|connection 1033|url jdbc:mysql://localhost:3306/refashion?serverTimezone=UTC&characterEncoding=UTF-8|     drop table if exists product_advance_info|     drop table if exists product_advance_info
1666970762383|0|statement|connection 1033|url jdbc:mysql://localhost:3306/refashion?serverTimezone=UTC&characterEncoding=UTF-8|     drop table if exists product_image|     drop table if exists product_image
1666970762383|0|statement|connection 1033|url jdbc:mysql://localhost:3306/refashion?serverTimezone=UTC&characterEncoding=UTF-8|     drop table if exists refresh_token|     drop table if exists refresh_token
1666970762383|0|statement|connection 1033|url jdbc:mysql://localhost:3306/refashion?serverTimezone=UTC&characterEncoding=UTF-8|     drop table if exists statics|     drop table if exists statics
1666970762384|0|statement|connection 1033|url jdbc:mysql://localhost:3306/refashion?serverTimezone=UTC&characterEncoding=UTF-8|     drop table if exists style_image|     drop table if exists style_image
1666970762384|0|statement|connection 1033|url jdbc:mysql://localhost:3306/refashion?serverTimezone=UTC&characterEncoding=UTF-8|     drop table if exists sub_category|     drop table if exists sub_category
1666970762384|0|statement|connection 1033|url jdbc:mysql://localhost:3306/refashion?serverTimezone=UTC&characterEncoding=UTF-8|     drop table if exists user_authority|     drop table if exists user_authority
1666970762384|0|statement|connection 1033|url jdbc:mysql://localhost:3306/refashion?serverTimezone=UTC&characterEncoding=UTF-8|     drop table if exists user_product|     drop table if exists user_product
1666970762385|0|statement|connection 1033|url jdbc:mysql://localhost:3306/refashion?serverTimezone=UTC&characterEncoding=UTF-8|     drop table if exists users|     drop table if exists users
1666970762389|0|statement|connection 1034|url jdbc:mysql://localhost:3306/refashion?serverTimezone=UTC&characterEncoding=UTF-8|     alter table category         drop         foreign key FKs2ride9gvilxy2tcuv7witnxc|     alter table category         drop         foreign key FKs2ride9gvilxy2tcuv7witnxc
1666970762389|0|statement|connection 1034|url jdbc:mysql://localhost:3306/refashion?serverTimezone=UTC&characterEncoding=UTF-8|     alter table measure         drop         foreign key FKbxy2re4cl0f5yp2temgkck3rc|     alter table measure         drop         foreign key FKbxy2re4cl0f5yp2temgkck3rc
1666970762389|0|statement|connection 1034|url jdbc:mysql://localhost:3306/refashion?serverTimezone=UTC&characterEncoding=UTF-8|     alter table parent_category         drop         foreign key FK4t524ndld8v16nb1e3t067iyx|     alter table parent_category         drop         foreign key FK4t524ndld8v16nb1e3t067iyx
1666970762390|0|statement|connection 1034|url jdbc:mysql://localhost:3306/refashion?serverTimezone=UTC&characterEncoding=UTF-8|     alter table preference         drop         foreign key FK2q42uo0wk0n25pf9393dlgcxa|     alter table preference         drop         foreign key FK2q42uo0wk0n25pf9393dlgcxa
1666970762390|0|statement|connection 1034|url jdbc:mysql://localhost:3306/refashion?serverTimezone=UTC&characterEncoding=UTF-8|     alter table product_advance_info         drop         foreign key FKt28kkcroxfds3r1a84plmbnwf|     alter table product_advance_info         drop         foreign key FKt28kkcroxfds3r1a84plmbnwf
1666970762390|0|statement|connection 1034|url jdbc:mysql://localhost:3306/refashion?serverTimezone=UTC&characterEncoding=UTF-8|     alter table product_image         drop         foreign key FK6oo0cvcdtb6qmwsga468uuukk|     alter table product_image         drop         foreign key FK6oo0cvcdtb6qmwsga468uuukk
1666970762390|0|statement|connection 1034|url jdbc:mysql://localhost:3306/refashion?serverTimezone=UTC&characterEncoding=UTF-8|     alter table sub_category         drop         foreign key FK2cumh0alb2c2dyy2jblgeg5or|     alter table sub_category         drop         foreign key FK2cumh0alb2c2dyy2jblgeg5or
1666970762391|0|statement|connection 1034|url jdbc:mysql://localhost:3306/refashion?serverTimezone=UTC&characterEncoding=UTF-8|     alter table user_authority         drop         foreign key FKhi46vu7680y1hwvmnnuh4cybx|     alter table user_authority         drop         foreign key FKhi46vu7680y1hwvmnnuh4cybx
1666970762391|0|statement|connection 1034|url jdbc:mysql://localhost:3306/refashion?serverTimezone=UTC&characterEncoding=UTF-8|     alter table user_product         drop         foreign key FKnw43wab2rt35jmofmpbhkibco|     alter table user_product         drop         foreign key FKnw43wab2rt35jmofmpbhkibco
1666970762391|0|statement|connection 1034|url jdbc:mysql://localhost:3306/refashion?serverTimezone=UTC&characterEncoding=UTF-8|     alter table user_product         drop         foreign key FKctnnp6lvp5tkjb6fm0k0gmhns|     alter table user_product         drop         foreign key FKctnnp6lvp5tkjb6fm0k0gmhns
1666970762391|0|statement|connection 1034|url jdbc:mysql://localhost:3306/refashion?serverTimezone=UTC&characterEncoding=UTF-8|     drop table if exists category|     drop table if exists category
1666970762392|0|statement|connection 1034|url jdbc:mysql://localhost:3306/refashion?serverTimezone=UTC&characterEncoding=UTF-8|     drop table if exists gender_category|     drop table if exists gender_category
1666970762392|0|statement|connection 1034|url jdbc:mysql://localhost:3306/refashion?serverTimezone=UTC&characterEncoding=UTF-8|     drop table if exists hibernate_sequence|     drop table if exists hibernate_sequence
1666970762392|0|statement|connection 1034|url jdbc:mysql://localhost:3306/refashion?serverTimezone=UTC&characterEncoding=UTF-8|     drop table if exists measure|     drop table if exists measure
1666970762393|0|statement|connection 1034|url jdbc:mysql://localhost:3306/refashion?serverTimezone=UTC&characterEncoding=UTF-8|     drop table if exists parent_category|     drop table if exists parent_category
1666970762393|0|statement|connection 1034|url jdbc:mysql://localhost:3306/refashion?serverTimezone=UTC&characterEncoding=UTF-8|     drop table if exists preference|     drop table if exists preference
1666970762394|0|statement|connection 1034|url jdbc:mysql://localhost:3306/refashion?serverTimezone=UTC&characterEncoding=UTF-8|     drop table if exists product|     drop table if exists product
1666970762394|0|statement|connection 1034|url jdbc:mysql://localhost:3306/refashion?serverTimezone=UTC&characterEncoding=UTF-8|     drop table if exists product_advance_info|     drop table if exists product_advance_info
1666970762395|0|statement|connection 1034|url jdbc:mysql://localhost:3306/refashion?serverTimezone=UTC&characterEncoding=UTF-8|     drop table if exists product_image|     drop table if exists product_image
1666970762396|0|statement|connection 1034|url jdbc:mysql://localhost:3306/refashion?serverTimezone=UTC&characterEncoding=UTF-8|     drop table if exists refresh_token|     drop table if exists refresh_token
1666970762396|0|statement|connection 1034|url jdbc:mysql://localhost:3306/refashion?serverTimezone=UTC&characterEncoding=UTF-8|     drop table if exists statics|     drop table if exists statics
1666970762397|0|statement|connection 1034|url jdbc:mysql://localhost:3306/refashion?serverTimezone=UTC&characterEncoding=UTF-8|     drop table if exists style_image|     drop table if exists style_image
1666970762398|0|statement|connection 1034|url jdbc:mysql://localhost:3306/refashion?serverTimezone=UTC&characterEncoding=UTF-8|     drop table if exists sub_category|     drop table if exists sub_category
1666970762399|1|statement|connection 1034|url jdbc:mysql://localhost:3306/refashion?serverTimezone=UTC&characterEncoding=UTF-8|     drop table if exists user_authority|     drop table if exists user_authority
1666970762400|0|statement|connection 1034|url jdbc:mysql://localhost:3306/refashion?serverTimezone=UTC&characterEncoding=UTF-8|     drop table if exists user_product|     drop table if exists user_product
1666970762401|0|statement|connection 1034|url jdbc:mysql://localhost:3306/refashion?serverTimezone=UTC&characterEncoding=UTF-8|     drop table if exists users|     drop table if exists users
1666970762409|0|statement|connection 1035|url jdbc:mysql://localhost:3306/refashion?serverTimezone=UTC&characterEncoding=UTF-8|     alter table category         drop         foreign key FKs2ride9gvilxy2tcuv7witnxc|     alter table category         drop         foreign key FKs2ride9gvilxy2tcuv7witnxc
1666970762410|0|statement|connection 1035|url jdbc:mysql://localhost:3306/refashion?serverTimezone=UTC&characterEncoding=UTF-8|     alter table measure         drop         foreign key FKbxy2re4cl0f5yp2temgkck3rc|     alter table measure         drop         foreign key FKbxy2re4cl0f5yp2temgkck3rc
1666970762410|0|statement|connection 1035|url jdbc:mysql://localhost:3306/refashion?serverTimezone=UTC&characterEncoding=UTF-8|     alter table parent_category         drop         foreign key FK4t524ndld8v16nb1e3t067iyx|     alter table parent_category         drop         foreign key FK4t524ndld8v16nb1e3t067iyx
1666970762411|0|statement|connection 1035|url jdbc:mysql://localhost:3306/refashion?serverTimezone=UTC&characterEncoding=UTF-8|     alter table preference         drop         foreign key FK2q42uo0wk0n25pf9393dlgcxa|     alter table preference         drop         foreign key FK2q42uo0wk0n25pf9393dlgcxa
1666970762411|0|statement|connection 1035|url jdbc:mysql://localhost:3306/refashion?serverTimezone=UTC&characterEncoding=UTF-8|     alter table product_advance_info         drop         foreign key FKt28kkcroxfds3r1a84plmbnwf|     alter table product_advance_info         drop         foreign key FKt28kkcroxfds3r1a84plmbnwf
1666970762412|0|statement|connection 1035|url jdbc:mysql://localhost:3306/refashion?serverTimezone=UTC&characterEncoding=UTF-8|     alter table product_image         drop         foreign key FK6oo0cvcdtb6qmwsga468uuukk|     alter table product_image         drop         foreign key FK6oo0cvcdtb6qmwsga468uuukk
1666970762412|0|statement|connection 1035|url jdbc:mysql://localhost:3306/refashion?serverTimezone=UTC&characterEncoding=UTF-8|     alter table sub_category         drop         foreign key FK2cumh0alb2c2dyy2jblgeg5or|     alter table sub_category         drop         foreign key FK2cumh0alb2c2dyy2jblgeg5or
1666970762412|0|statement|connection 1035|url jdbc:mysql://localhost:3306/refashion?serverTimezone=UTC&characterEncoding=UTF-8|     alter table user_authority         drop         foreign key FKhi46vu7680y1hwvmnnuh4cybx|     alter table user_authority         drop         foreign key FKhi46vu7680y1hwvmnnuh4cybx
1666970762413|0|statement|connection 1035|url jdbc:mysql://localhost:3306/refashion?serverTimezone=UTC&characterEncoding=UTF-8|     alter table user_product         drop         foreign key FKnw43wab2rt35jmofmpbhkibco|     alter table user_product         drop         foreign key FKnw43wab2rt35jmofmpbhkibco
1666970762413|0|statement|connection 1035|url jdbc:mysql://localhost:3306/refashion?serverTimezone=UTC&characterEncoding=UTF-8|     alter table user_product         drop         foreign key FKctnnp6lvp5tkjb6fm0k0gmhns|     alter table user_product         drop         foreign key FKctnnp6lvp5tkjb6fm0k0gmhns
1666970762413|0|statement|connection 1035|url jdbc:mysql://localhost:3306/refashion?serverTimezone=UTC&characterEncoding=UTF-8|     drop table if exists category|     drop table if exists category
1666970762414|0|statement|connection 1035|url jdbc:mysql://localhost:3306/refashion?serverTimezone=UTC&characterEncoding=UTF-8|     drop table if exists gender_category|     drop table if exists gender_category
1666970762414|0|statement|connection 1035|url jdbc:mysql://localhost:3306/refashion?serverTimezone=UTC&characterEncoding=UTF-8|     drop table if exists hibernate_sequence|     drop table if exists hibernate_sequence
1666970762414|0|statement|connection 1035|url jdbc:mysql://localhost:3306/refashion?serverTimezone=UTC&characterEncoding=UTF-8|     drop table if exists measure|     drop table if exists measure
1666970762415|0|statement|connection 1035|url jdbc:mysql://localhost:3306/refashion?serverTimezone=UTC&characterEncoding=UTF-8|     drop table if exists parent_category|     drop table if exists parent_category
1666970762415|0|statement|connection 1035|url jdbc:mysql://localhost:3306/refashion?serverTimezone=UTC&characterEncoding=UTF-8|     drop table if exists preference|     drop table if exists preference
1666970762416|0|statement|connection 1035|url jdbc:mysql://localhost:3306/refashion?serverTimezone=UTC&characterEncoding=UTF-8|     drop table if exists product|     drop table if exists product
1666970762416|0|statement|connection 1035|url jdbc:mysql://localhost:3306/refashion?serverTimezone=UTC&characterEncoding=UTF-8|     drop table if exists product_advance_info|     drop table if exists product_advance_info
1666970762417|0|statement|connection 1035|url jdbc:mysql://localhost:3306/refashion?serverTimezone=UTC&characterEncoding=UTF-8|     drop table if exists product_image|     drop table if exists product_image
1666970762417|0|statement|connection 1035|url jdbc:mysql://localhost:3306/refashion?serverTimezone=UTC&characterEncoding=UTF-8|     drop table if exists refresh_token|     drop table if exists refresh_token
1666970762417|0|statement|connection 1035|url jdbc:mysql://localhost:3306/refashion?serverTimezone=UTC&characterEncoding=UTF-8|     drop table if exists statics|     drop table if exists statics
1666970762418|0|statement|connection 1035|url jdbc:mysql://localhost:3306/refashion?serverTimezone=UTC&characterEncoding=UTF-8|     drop table if exists style_image|     drop table if exists style_image
1666970762418|0|statement|connection 1035|url jdbc:mysql://localhost:3306/refashion?serverTimezone=UTC&characterEncoding=UTF-8|     drop table if exists sub_category|     drop table if exists sub_category
1666970762419|0|statement|connection 1035|url jdbc:mysql://localhost:3306/refashion?serverTimezone=UTC&characterEncoding=UTF-8|     drop table if exists user_authority|     drop table if exists user_authority
1666970762419|0|statement|connection 1035|url jdbc:mysql://localhost:3306/refashion?serverTimezone=UTC&characterEncoding=UTF-8|     drop table if exists user_product|     drop table if exists user_product
1666970762420|0|statement|connection 1035|url jdbc:mysql://localhost:3306/refashion?serverTimezone=UTC&characterEncoding=UTF-8|     drop table if exists users|     drop table if exists users
1666970762426|0|statement|connection 1036|url jdbc:mysql://localhost:3306/refashion?serverTimezone=UTC&characterEncoding=UTF-8|     alter table category         drop         foreign key FKs2ride9gvilxy2tcuv7witnxc|     alter table category         drop         foreign key FKs2ride9gvilxy2tcuv7witnxc
1666970762426|0|statement|connection 1036|url jdbc:mysql://localhost:3306/refashion?serverTimezone=UTC&characterEncoding=UTF-8|     alter table measure         drop         foreign key FKbxy2re4cl0f5yp2temgkck3rc|     alter table measure         drop         foreign key FKbxy2re4cl0f5yp2temgkck3rc
1666970762427|0|statement|connection 1036|url jdbc:mysql://localhost:3306/refashion?serverTimezone=UTC&characterEncoding=UTF-8|     alter table parent_category         drop         foreign key FK4t524ndld8v16nb1e3t067iyx|     alter table parent_category         drop         foreign key FK4t524ndld8v16nb1e3t067iyx
1666970762427|0|statement|connection 1036|url jdbc:mysql://localhost:3306/refashion?serverTimezone=UTC&characterEncoding=UTF-8|     alter table preference         drop         foreign key FK2q42uo0wk0n25pf9393dlgcxa|     alter table preference         drop         foreign key FK2q42uo0wk0n25pf9393dlgcxa
1666970762427|0|statement|connection 1036|url jdbc:mysql://localhost:3306/refashion?serverTimezone=UTC&characterEncoding=UTF-8|     alter table product_advance_info         drop         foreign key FKt28kkcroxfds3r1a84plmbnwf|     alter table product_advance_info         drop         foreign key FKt28kkcroxfds3r1a84plmbnwf
1666970762427|0|statement|connection 1036|url jdbc:mysql://localhost:3306/refashion?serverTimezone=UTC&characterEncoding=UTF-8|     alter table product_image         drop         foreign key FK6oo0cvcdtb6qmwsga468uuukk|     alter table product_image         drop         foreign key FK6oo0cvcdtb6qmwsga468uuukk
1666970762428|0|statement|connection 1036|url jdbc:mysql://localhost:3306/refashion?serverTimezone=UTC&characterEncoding=UTF-8|     alter table sub_category         drop         foreign key FK2cumh0alb2c2dyy2jblgeg5or|     alter table sub_category         drop         foreign key FK2cumh0alb2c2dyy2jblgeg5or
1666970762428|0|statement|connection 1036|url jdbc:mysql://localhost:3306/refashion?serverTimezone=UTC&characterEncoding=UTF-8|     alter table user_authority         drop         foreign key FKhi46vu7680y1hwvmnnuh4cybx|     alter table user_authority         drop         foreign key FKhi46vu7680y1hwvmnnuh4cybx
1666970762428|0|statement|connection 1036|url jdbc:mysql://localhost:3306/refashion?serverTimezone=UTC&characterEncoding=UTF-8|     alter table user_product         drop         foreign key FKnw43wab2rt35jmofmpbhkibco|     alter table user_product         drop         foreign key FKnw43wab2rt35jmofmpbhkibco
1666970762428|0|statement|connection 1036|url jdbc:mysql://localhost:3306/refashion?serverTimezone=UTC&characterEncoding=UTF-8|     alter table user_product         drop         foreign key FKctnnp6lvp5tkjb6fm0k0gmhns|     alter table user_product         drop         foreign key FKctnnp6lvp5tkjb6fm0k0gmhns
1666970762429|0|statement|connection 1036|url jdbc:mysql://localhost:3306/refashion?serverTimezone=UTC&characterEncoding=UTF-8|     drop table if exists category|     drop table if exists category
1666970762429|0|statement|connection 1036|url jdbc:mysql://localhost:3306/refashion?serverTimezone=UTC&characterEncoding=UTF-8|     drop table if exists gender_category|     drop table if exists gender_category
1666970762430|0|statement|connection 1036|url jdbc:mysql://localhost:3306/refashion?serverTimezone=UTC&characterEncoding=UTF-8|     drop table if exists hibernate_sequence|     drop table if exists hibernate_sequence
1666970762430|0|statement|connection 1036|url jdbc:mysql://localhost:3306/refashion?serverTimezone=UTC&characterEncoding=UTF-8|     drop table if exists measure|     drop table if exists measure
1666970762431|0|statement|connection 1036|url jdbc:mysql://localhost:3306/refashion?serverTimezone=UTC&characterEncoding=UTF-8|     drop table if exists parent_category|     drop table if exists parent_category
1666970762431|0|statement|connection 1036|url jdbc:mysql://localhost:3306/refashion?serverTimezone=UTC&characterEncoding=UTF-8|     drop table if exists preference|     drop table if exists preference
1666970762431|0|statement|connection 1036|url jdbc:mysql://localhost:3306/refashion?serverTimezone=UTC&characterEncoding=UTF-8|     drop table if exists product|     drop table if exists product
1666970762432|0|statement|connection 1036|url jdbc:mysql://localhost:3306/refashion?serverTimezone=UTC&characterEncoding=UTF-8|     drop table if exists product_advance_info|     drop table if exists product_advance_info
1666970762432|0|statement|connection 1036|url jdbc:mysql://localhost:3306/refashion?serverTimezone=UTC&characterEncoding=UTF-8|     drop table if exists product_image|     drop table if exists product_image
1666970762432|0|statement|connection 1036|url jdbc:mysql://localhost:3306/refashion?serverTimezone=UTC&characterEncoding=UTF-8|     drop table if exists refresh_token|     drop table if exists refresh_token
1666970762432|0|statement|connection 1036|url jdbc:mysql://localhost:3306/refashion?serverTimezone=UTC&characterEncoding=UTF-8|     drop table if exists statics|     drop table if exists statics
1666970762433|0|statement|connection 1036|url jdbc:mysql://localhost:3306/refashion?serverTimezone=UTC&characterEncoding=UTF-8|     drop table if exists style_image|     drop table if exists style_image
1666970762433|0|statement|connection 1036|url jdbc:mysql://localhost:3306/refashion?serverTimezone=UTC&characterEncoding=UTF-8|     drop table if exists sub_category|     drop table if exists sub_category
1666970762433|0|statement|connection 1036|url jdbc:mysql://localhost:3306/refashion?serverTimezone=UTC&characterEncoding=UTF-8|     drop table if exists user_authority|     drop table if exists user_authority
1666970762434|0|statement|connection 1036|url jdbc:mysql://localhost:3306/refashion?serverTimezone=UTC&characterEncoding=UTF-8|     drop table if exists user_product|     drop table if exists user_product
1666970762434|0|statement|connection 1036|url jdbc:mysql://localhost:3306/refashion?serverTimezone=UTC&characterEncoding=UTF-8|     drop table if exists users|     drop table if exists users
